{"logTime": "0401/130237", "correlationVector":"rCoXPx3qRaw5kQhOi/n0FT.1","action":"SyncServerConnectionManagerRequest", "result":"SYNC_SERVER_OK", "context":{"environment":"Prod_eastasia_prod-s01-034-apac-eastasia", "migrationStage":"NotStarted", "server":"akswtt00600001b"}}
{"logTime": "0401/130237", "correlationVector":"rCoXPx3qRaw5kQhOi/n0FT.2","action":"ProcessGetUpdates", "result":"Done", "context":{"dataType":"Encryption Keys", "deleted":"0", "process_failed_to_decrypt":"0", "process_pending_decryption":"0", "process_success":"1", "total":"1"}}
{"logTime": "0401/130237", "correlationVector":"sK7MLSKTcqhFbFZppMInyo","action":"SyncServerConnectionManagerRequest", "result":"SYNC_SERVER_OK", "context":{"environment":"", "migrationStage":"", "server":""}}
{"logTime": "0401/130237", "correlationVector":"sK7MLSKTcqhFbFZppMInyo.0","action":"EncryptionKeysFetcher.DownloadKeys:", "result":"Success", "context":Key count: 1, Last key timestamp: 2024-10-13T18:27:16Z}
{"logTime": "0401/130237", "correlationVector":"sK7MLSKTcqhFbFZppMInyo.1","action":"EncryptionKeysManager::SetEncryptionKeys:", "result":"Success", "context":Key names[1]:[tGaZsMh1kDGAepV/sGm86WfXfOccMZ62Vbk7VCE7D+IMXAKx2hDwv+eitS7X4t6vB9I4rbG74xgDEqk7UYtCxQ==]}
{"logTime": "0401/130237", "correlationVector":"sK7MLSKTcqhFbFZppMInyo.2","action":"EncryptionKeysManager::SetEncryptionKeysWithTimestamps:", "result":"Success", "context":Key timestamps[1]:[2024-10-13T18:27:16Z]}
{"logTime": "0401/130237", "correlationVector":"rCoXPx3qRaw5kQhOi/n0FT","action":"Initial GetUpdates", "result":"", "context":Reason: NEW_CLIENT. cV=rCoXPx3qRaw5kQhOi/n0FT}
{"logTime": "0401/130237", "correlationVector":"rCoXPx3qRaw5kQhOi/n0FT.3","action":"GetUpdates Response", "result":"Success", "context":Received 1 update(s). cV=rCoXPx3qRaw5kQhOi/n0FT.0;server=akswtt00600001b;cloudType=Consumer;environment=Prod_eastasia_prod-s01-034-apac-eastasia;migrationStage=NotStarted}
{"logTime": "0401/130237", "correlationVector":"LBmFQG7Z8UzEH1Vx3abnzm","action":"Initial GetUpdates", "result":"", "context":Reason: NEWLY_SUPPORTED_DATATYPE. cV=LBmFQG7Z8UzEH1Vx3abnzm}
{"logTime": "0401/130237", "correlationVector":"LBmFQG7Z8UzEH1Vx3abnzm.1","action":"SyncServerConnectionManagerRequest", "result":"SYNC_SERVER_OK", "context":{"environment":"Prod_eastasia_prod-s01-034-apac-eastasia", "migrationStage":"NotStarted", "server":"akswtt00600000m"}}
{"logTime": "0401/130237", "correlationVector":"LBmFQG7Z8UzEH1Vx3abnzm.2","action":"ProcessGetUpdates", "result":"Done", "context":{"dataType":"Preferences", "deleted":"0", "process_failed_to_decrypt":"0", "process_pending_decryption":"0", "process_success":"47", "total":"47"}}
{"logTime": "0401/130237", "correlationVector":"LBmFQG7Z8UzEH1Vx3abnzm.3","action":"ProcessGetUpdates", "result":"Done", "context":{"dataType":"Passwords", "deleted":"0", "process_failed_to_decrypt":"0", "process_pending_decryption":"0", "process_success":"3", "total":"3"}}
{"logTime": "0401/130237", "correlationVector":"LBmFQG7Z8UzEH1Vx3abnzm.4","action":"ProcessGetUpdates", "result":"Done", "context":{"dataType":"Device Info", "deleted":"0", "process_failed_to_decrypt":"0", "process_pending_decryption":"0", "process_success":"1", "total":"1"}}
{"logTime": "0401/130237", "correlationVector":"LBmFQG7Z8UzEH1Vx3abnzm.5","action":"GetUpdates Response", "result":"Success", "context":Received 51 update(s). cV=LBmFQG7Z8UzEH1Vx3abnzm.0;server=akswtt00600000m;cloudType=Consumer;environment=Prod_eastasia_prod-s01-034-apac-eastasia;migrationStage=NotStarted}
{"logTime": "0401/130238", "correlationVector":"QHsntPHfDUUrsiBTusK3dK","action":"Initial GetUpdates", "result":"", "context":Reason: NEWLY_SUPPORTED_DATATYPE. cV=QHsntPHfDUUrsiBTusK3dK}
{"logTime": "0401/130238", "correlationVector":"QHsntPHfDUUrsiBTusK3dK.1","action":"SyncServerConnectionManagerRequest", "result":"SYNC_SERVER_OK", "context":{"environment":"Prod_eastasia_prod-s01-034-apac-eastasia", "migrationStage":"NotStarted", "server":"akswtt00600003t"}}
{"logTime": "0401/130238", "correlationVector":"QHsntPHfDUUrsiBTusK3dK.2","action":"ProcessGetUpdates", "result":"Done", "context":{"dataType":"Bookmarks", "deleted":"0", "process_failed_to_decrypt":"0", "process_pending_decryption":"0", "process_success":"5", "total":"5"}}
{"logTime": "0401/130238", "correlationVector":"QHsntPHfDUUrsiBTusK3dK.3","action":"GetUpdates Response", "result":"Success", "context":Received 5 update(s). cV=QHsntPHfDUUrsiBTusK3dK.0;server=akswtt00600003t;cloudType=Consumer;environment=Prod_eastasia_prod-s01-034-apac-eastasia;migrationStage=NotStarted}
{"logTime": "0401/130238", "correlationVector":"daXdawVYpD9nRGsYfBQszi","action":"Initial GetUpdates", "result":"", "context":Reason: NEWLY_SUPPORTED_DATATYPE. cV=daXdawVYpD9nRGsYfBQszi}
{"logTime": "0401/130238", "correlationVector":"daXdawVYpD9nRGsYfBQszi.1","action":"SyncServerConnectionManagerRequest", "result":"SYNC_SERVER_OK", "context":{"environment":"Prod_eastasia_prod-s01-034-apac-eastasia", "migrationStage":"NotStarted", "server":"akswtt00600002v"}}
{"logTime": "0401/130238", "correlationVector":"daXdawVYpD9nRGsYfBQszi.2","action":"ProcessGetUpdates", "result":"Done", "context":{"dataType":"Autofill Profiles", "deleted":"0", "process_failed_to_decrypt":"0", "process_pending_decryption":"0", "process_success":"4", "total":"4"}}
{"logTime": "0401/130238", "correlationVector":"daXdawVYpD9nRGsYfBQszi.3","action":"ProcessGetUpdates", "result":"Done", "context":{"dataType":"Autofill", "deleted":"0", "process_failed_to_decrypt":"0", "process_pending_decryption":"0", "process_success":"11", "total":"11"}}
{"logTime": "0401/130238", "correlationVector":"daXdawVYpD9nRGsYfBQszi.4","action":"ProcessGetUpdates", "result":"Done", "context":{"dataType":"Sessions", "deleted":"16", "process_failed_to_decrypt":"0", "process_pending_decryption":"0", "process_success":"19", "total":"19"}}
{"logTime": "0401/130238", "correlationVector":"daXdawVYpD9nRGsYfBQszi.5","action":"ProcessGetUpdates", "result":"Done", "context":{"dataType":"Edge Hub App Usage", "deleted":"1", "process_failed_to_decrypt":"0", "process_pending_decryption":"0", "process_success":"3", "total":"3"}}
{"logTime": "0401/130238", "correlationVector":"daXdawVYpD9nRGsYfBQszi.6","action":"GetUpdates Response", "result":"Success", "context":Received 37 update(s). cV=daXdawVYpD9nRGsYfBQszi.0;server=akswtt00600002v;cloudType=Consumer;environment=Prod_eastasia_prod-s01-034-apac-eastasia;migrationStage=NotStarted}
{"logTime": "0401/130238", "correlationVector":"MdHz+LpuY063ezpCMDUBae","action":"Initial GetUpdates", "result":"", "context":Reason: NEWLY_SUPPORTED_DATATYPE. cV=MdHz+LpuY063ezpCMDUBae}
{"logTime": "0401/130238", "correlationVector":"MdHz+LpuY063ezpCMDUBae.1","action":"SyncServerConnectionManagerRequest", "result":"SYNC_SERVER_OK", "context":{"environment":"Prod_eastasia_prod-s01-034-apac-eastasia", "migrationStage":"NotStarted", "server":"akswtt00600001b"}}
{"logTime": "0401/130238", "correlationVector":"MdHz+LpuY063ezpCMDUBae.2","action":"GetUpdates Response", "result":"Success", "context":Received 0 update(s). cV=MdHz+LpuY063ezpCMDUBae.0;server=akswtt00600001b;cloudType=Consumer;environment=Prod_eastasia_prod-s01-034-apac-eastasia;migrationStage=NotStarted}
{"logTime": "0401/130238", "correlationVector":"JihTFmmUGrB9g6eAfxuknY","action":"Normal GetUpdate request", "result":"", "context":cV=JihTFmmUGrB9g6eAfxuknY
Nudged types: Sessions, Device Info, User Consents
Refresh requested types: Bookmarks, Preferences, Passwords, Autofill Profiles, Autofill, Extensions, Sessions, Extension settings, History Delete Directives, Device Info, User Consents, Send Tab To Self, Web Apps, History, Collection, Edge E Drop, Edge Hub App Usage, Edge Tab Group, Edge Wallet, Encryption Keys}
{"logTime": "0401/130238", "correlationVector":"JihTFmmUGrB9g6eAfxuknY.1","action":"SyncServerConnectionManagerRequest", "result":"SYNC_SERVER_OK", "context":{"environment":"Prod_eastasia_prod-s01-034-apac-eastasia", "migrationStage":"NotStarted", "server":"akswtt006000015"}}
{"logTime": "0401/130238", "correlationVector":"JihTFmmUGrB9g6eAfxuknY.2","action":"GetUpdates Response", "result":"Success", "context":Received 0 update(s). cV=JihTFmmUGrB9g6eAfxuknY.0;server=akswtt006000015;cloudType=Consumer;environment=Prod_eastasia_prod-s01-034-apac-eastasia;migrationStage=NotStarted}
{"logTime": "0401/130239", "correlationVector":"qj+xcHBg59Me2z/3TYUDGZ","action":"DoCompareDataConsistency requsted types: ", "result":"Bookmarks, Preferences, Passwords, Extensions, Extension settings, History Delete Directives, Send Tab To Self, Web Apps, History, Collection, Edge E Drop, Edge Tab Group, Edge Wallet, Encryption Keys"}
{"logTime": "0401/130239", "correlationVector":"qj+xcHBg59Me2z/3TYUDGZ.0","action":"CompareDataConsistency result: ", "result":"Compare result: Encryption Keys is consistent. local entities count is: 1 local entities hash is: ot3Jr3lmSEgJF6MGyY2/eZJ7szc="}
{"logTime": "0401/130239", "correlationVector":"qj+xcHBg59Me2z/3TYUDGZ.1","action":"CompareDataConsistency result: ", "result":"Compare result: Bookmarks is consistent. local entities count is: 0 local entities hash is: "}
{"logTime": "0401/130239", "correlationVector":"qj+xcHBg59Me2z/3TYUDGZ.2","action":"CompareDataConsistency result: ", "result":"Compare result: Preferences is consistent. local entities count is: 47 local entities hash is: WlryPBxP9nW0moP67WKOr8vjxzk="}
{"logTime": "0401/130239", "correlationVector":"qj+xcHBg59Me2z/3TYUDGZ.3","action":"CompareDataConsistency result: ", "result":"Compare result: Extensions is consistent. local entities count is: 0 local entities hash is: "}
{"logTime": "0401/130239", "correlationVector":"qj+xcHBg59Me2z/3TYUDGZ.4","action":"CompareDataConsistency result: ", "result":"Compare result: Extension settings is consistent. local entities count is: 0 local entities hash is: "}
{"logTime": "0401/130239", "correlationVector":"qj+xcHBg59Me2z/3TYUDGZ.5","action":"CompareDataConsistency result: ", "result":"Compare result: History Delete Directives is consistent. local entities count is: 0 local entities hash is: "}
{"logTime": "0401/130239", "correlationVector":"qj+xcHBg59Me2z/3TYUDGZ.6","action":"CompareDataConsistency result: ", "result":"Server did not send this Send Tab To Self local entities count is: 0 local entities hash is: "}
{"logTime": "0401/130239", "correlationVector":"qj+xcHBg59Me2z/3TYUDGZ.7","action":"CompareDataConsistency result: ", "result":"Compare result: Web Apps is consistent. local entities count is: 0 local entities hash is: "}
{"logTime": "0401/130239", "correlationVector":"qj+xcHBg59Me2z/3TYUDGZ.8","action":"CompareDataConsistency result: ", "result":"Server did not send this History local entities count is: 0 local entities hash is: "}
{"logTime": "0401/130239", "correlationVector":"qj+xcHBg59Me2z/3TYUDGZ.9","action":"CompareDataConsistency result: ", "result":"Compare result: Collection is consistent. local entities count is: 0 local entities hash is: "}
{"logTime": "0401/130239", "correlationVector":"qj+xcHBg59Me2z/3TYUDGZ.10","action":"CompareDataConsistency result: ", "result":"Compare result: Edge E Drop is consistent. local entities count is: 0 local entities hash is: "}
{"logTime": "0401/130239", "correlationVector":"qj+xcHBg59Me2z/3TYUDGZ.11","action":"CompareDataConsistency result: ", "result":"Compare result: Edge Tab Group is consistent. local entities count is: 0 local entities hash is: "}
{"logTime": "0401/130239", "correlationVector":"qj+xcHBg59Me2z/3TYUDGZ.12","action":"CompareDataConsistency result: ", "result":"Compare result: Edge Wallet is consistent. local entities count is: 0 local entities hash is: "}
{"logTime": "0401/130239", "correlationVector":"qj+xcHBg59Me2z/3TYUDGZ.13","action":"CompareDataConsistency result: ", "result":"Compare result: Passwords is consistent. local entities count is: 3 local entities hash is: k9G/rxylBLnlEAfRvu7CAZQOzik="}
{"logTime": "0401/130239", "correlationVector":"RrfHDkuWR/iNwow0wcMfuc","action":"Commit Request", "result":"", "context":Item count: 5
Contributing types: Sessions, Device Info, User Consents}
{"logTime": "0401/130239", "correlationVector":"RrfHDkuWR/iNwow0wcMfuc.1","action":"SyncServerConnectionManagerRequest", "result":"SYNC_SERVER_OK", "context":{"environment":"Prod_eastasia_prod-s01-034-apac-eastasia", "migrationStage":"NotStarted", "server":"akswtt00600001b"}}
{"logTime": "0401/130239", "correlationVector":"RrfHDkuWR/iNwow0wcMfuc.2","action":"Commit Response", "result":"Success", "context":Result: Success. cV=RrfHDkuWR/iNwow0wcMfuc.0;server=akswtt00600001b;cloudType=Consumer;environment=Prod_eastasia_prod-s01-034-apac-eastasia;migrationStage=NotStarted}
{"logTime": "0401/130239", "correlationVector":"","action":"DIAGNOSTIC_REQUEST|v1/diagnosticData/Diagnostic.SendCheckResult()|SUCCESS", "result":""}
{"logTime": "0401/130245", "correlationVector":"OhQVz97iJgR0dWB4u1QmfZ","action":"Commit Request", "result":"", "context":Item count: 1
Contributing types: Preferences}
{"logTime": "0401/130246", "correlationVector":"OhQVz97iJgR0dWB4u1QmfZ.1","action":"SyncServerConnectionManagerRequest", "result":"SYNC_SERVER_OK", "context":{"environment":"Prod_eastasia_prod-s01-034-apac-eastasia", "migrationStage":"NotStarted", "server":"akswtt00600000x"}}
{"logTime": "0401/130246", "correlationVector":"OhQVz97iJgR0dWB4u1QmfZ.2","action":"Commit Response", "result":"Success", "context":Result: Success. cV=OhQVz97iJgR0dWB4u1QmfZ.0;server=akswtt00600000x;cloudType=Consumer;environment=Prod_eastasia_prod-s01-034-apac-eastasia;migrationStage=NotStarted}
