2025-04-01 13:01:47.042: [INFO][Sync] Reset engine, reason: 8
2025-04-01 13:01:47.043: [INFO][Sync] Stopped: Bookmarks
2025-04-01 13:01:47.043: [INFO][Sync] Stopped: Preferences
2025-04-01 13:01:47.043: [INFO][Sync] Stopped: Passwords
2025-04-01 13:01:47.043: [INFO][Sync] Stopped: Autofill Profiles
2025-04-01 13:01:47.043: [INFO][Sync] Stopped: Autofill
2025-04-01 13:01:47.043: [INFO][Sync] Stopped: Extensions
2025-04-01 13:01:47.043: [INFO][Sync] Stopped: Sessions
2025-04-01 13:01:47.043: [INFO][Sync] Stopped: Extension settings
2025-04-01 13:01:47.043: [INFO][Sync] Stopped: History Delete Directives
2025-04-01 13:01:47.043: [INFO][Sync] Stopped: Device Info
2025-04-01 13:01:47.043: [INFO][Sync] Stopped: User Consents
2025-04-01 13:01:47.043: [INFO][Sync] Stopped: Send Tab To Self
2025-04-01 13:01:47.043: [INFO][Sync] Stopped: Web Apps
2025-04-01 13:01:47.043: [INFO][Sync] Stopped: History
2025-04-01 13:01:47.043: [INFO][Sync] Stopped: Collection
2025-04-01 13:01:47.043: [INFO][Sync] Stopped: Edge E Drop
2025-04-01 13:01:47.043: [INFO][Sync] Stopped: Edge Hub App Usage
2025-04-01 13:01:47.043: [INFO][Sync] Stopped: Edge Tab Group
2025-04-01 13:01:47.043: [INFO][Sync] Stopped: Edge Wallet
2025-04-01 13:01:47.043: [INFO][Sync] SyncState after authenticated was: NotSignedIn
2025-04-01 13:01:59.275: [INFO][Sync] Reset engine, reason: 8
2025-04-01 13:01:59.275: [INFO][Sync] Stopped: Bookmarks
2025-04-01 13:01:59.275: [INFO][Sync] Stopped: Preferences
2025-04-01 13:01:59.275: [INFO][Sync] Stopped: Passwords
2025-04-01 13:01:59.275: [INFO][Sync] Stopped: Autofill Profiles
2025-04-01 13:01:59.275: [INFO][Sync] Stopped: Autofill
2025-04-01 13:01:59.275: [INFO][Sync] Stopped: Extensions
2025-04-01 13:01:59.275: [INFO][Sync] Stopped: Sessions
2025-04-01 13:01:59.275: [INFO][Sync] Stopped: Extension settings
2025-04-01 13:01:59.275: [INFO][Sync] Stopped: History Delete Directives
2025-04-01 13:01:59.275: [INFO][Sync] Stopped: Device Info
2025-04-01 13:01:59.275: [INFO][Sync] Stopped: User Consents
2025-04-01 13:01:59.275: [INFO][Sync] Stopped: Send Tab To Self
2025-04-01 13:01:59.275: [INFO][Sync] Stopped: Web Apps
2025-04-01 13:01:59.275: [INFO][Sync] Stopped: History
2025-04-01 13:01:59.275: [INFO][Sync] Stopped: Collection
2025-04-01 13:01:59.275: [INFO][Sync] Stopped: Edge E Drop
2025-04-01 13:01:59.275: [INFO][Sync] Stopped: Edge Hub App Usage
2025-04-01 13:01:59.275: [INFO][Sync] Stopped: Edge Tab Group
2025-04-01 13:01:59.275: [INFO][Sync] Stopped: Edge Wallet
2025-04-01 13:02:05.800: [INFO][Sync] Try to start sync engine
2025-04-01 13:02:05.895: [INFO][SyncManagerImpl::NudgeForInitialDownload] Initial download nudge for Encryption Keys
2025-04-01 13:02:05.895: [INFO][SyncEngineBackend::LoadAndConnectNigoriController] Load and connect Nigori controller
2025-04-01 13:02:05.895: [INFO][SyncEngineBackend::DoInitialize] Control Types added: Encryption Keys
2025-04-01 13:02:05.895: [INFO][SyncManagerImpl::ConfigureSyncer] Types to download: Encryption Keys with reason: 3
2025-04-01 13:02:05.895: [INFO][SyncSchedulerImpl::DoConfigurationSyncCycleJob] Configure job was blocked
2025-04-01 13:02:36.084: [INFO][SyncAuthManager::SetLastAuthError] Current auth error: None
2025-04-01 13:02:36.084: [INFO][SyncAuthManager::EdgeLogTokenErrorState] Token error with: None for account type: MSA
2025-04-01 13:02:36.084: [INFO][Sync] Credentials changed for: EdgeSyncKeyDataScope
2025-04-01 13:02:36.085: [INFO][SyncEngineBackend::DoUpdateKeyDataCredentials] Update key data credentials
2025-04-01 13:02:36.408: [INFO][SyncAuthManager::SetLastAuthError] Current auth error: None
2025-04-01 13:02:36.408: [INFO][SyncAuthManager::EdgeLogTokenErrorState] Token error with: None for account type: MSA
2025-04-01 13:02:36.408: [INFO][Sync] Credentials changed for: EdgeSyncScopeNew
2025-04-01 13:02:36.417: [INFO][SyncEngineBackend::DoUpdateCredentials] Update credentials
2025-04-01 13:02:36.417: [INFO][SyncEngineBackend::DoUpdateKeyDataCredentials] Update key data credentials
2025-04-01 13:02:36.419: [INFO][SyncSchedulerImpl::DoConfigurationSyncCycleJob] Blocked types:  and types to download: Encryption Keys
2025-04-01 13:02:37.256: [INFO][Sync] Started DataTypeManager configuration, reason: 4
2025-04-01 13:02:37.256: [INFO][Sync] Configuring for: Bookmarks, Preferences, Passwords, Autofill Profiles, Autofill, Extensions, Sessions, Extension settings, History Delete Directives, Device Info, User Consents, Send Tab To Self, Web Apps, History, Collection, Edge E Drop, Edge Hub App Usage, Edge Tab Group, Edge Wallet, Encryption Keys, reason: 3, current state: 0
2025-04-01 13:02:37.257: [WARN][Sync] Crypto error data types: Passwords, Autofill Profiles, Autofill
2025-04-01 13:02:37.258: [INFO][Sync] Configure, desired: Bookmarks, Preferences, Extensions, Sessions, Extension settings, History Delete Directives, Device Info, User Consents, Send Tab To Self, Web Apps, History, Collection, Edge E Drop, Edge Hub App Usage, Edge Tab Group, Edge Wallet, Encryption Keys; Allow fail: Passwords, Autofill Profiles, Autofill
2025-04-01 13:02:37.258: [INFO][Sync] Loading: Bookmarks
2025-04-01 13:02:37.258: [INFO][Sync] Loading: Preferences
2025-04-01 13:02:37.258: [INFO][Sync] Loading: Extensions
2025-04-01 13:02:37.258: [INFO][Sync] Loading: Sessions
2025-04-01 13:02:37.258: [INFO][Sync] Loading: Extension settings
2025-04-01 13:02:37.258: [INFO][Sync] Loading: History Delete Directives
2025-04-01 13:02:37.259: [INFO][Sync] Loading: Device Info
2025-04-01 13:02:37.259: [INFO][Sync] Loading: User Consents
2025-04-01 13:02:37.259: [INFO][Sync] Loading: Send Tab To Self
2025-04-01 13:02:37.259: [INFO][Sync] Loading: Web Apps
2025-04-01 13:02:37.259: [INFO][Sync] Loading: History
2025-04-01 13:02:37.259: [INFO][Sync] Loading: Collection
2025-04-01 13:02:37.259: [INFO][Sync] Loading: Edge E Drop
2025-04-01 13:02:37.259: [INFO][Sync] Loading: Edge Hub App Usage
2025-04-01 13:02:37.259: [INFO][Sync] Loading: Edge Tab Group
2025-04-01 13:02:37.259: [INFO][Sync] Loading: Edge Wallet
2025-04-01 13:02:37.270: [INFO][Sync] All data types are ready for configure.
2025-04-01 13:02:37.728: [INFO][Sync] Started DataTypeManager configuration, reason: 5
2025-04-01 13:02:37.728: [INFO][Sync] Configuring for: Bookmarks, Preferences, Passwords, Autofill Profiles, Autofill, Extensions, Sessions, Extension settings, History Delete Directives, Device Info, User Consents, Send Tab To Self, Web Apps, History, Collection, Edge E Drop, Edge Hub App Usage, Edge Tab Group, Edge Wallet, Encryption Keys, reason: 5, current state: 1
2025-04-01 13:02:37.733: [INFO][SyncEngineBackend::DoStartConfiguration] Start configuration
2025-04-01 13:02:37.733: [INFO][SyncManagerImpl::NudgeForInitialDownload] Initial download nudge for Bookmarks
2025-04-01 13:02:37.733: [INFO][SyncManagerImpl::NudgeForInitialDownload] Initial download nudge for Preferences
2025-04-01 13:02:37.733: [INFO][SyncManagerImpl::NudgeForInitialDownload] Initial download nudge for Extensions
2025-04-01 13:02:37.733: [INFO][SyncManagerImpl::NudgeForInitialDownload] Initial download nudge for Sessions
2025-04-01 13:02:37.733: [INFO][SyncManagerImpl::NudgeForInitialDownload] Initial download nudge for Extension settings
2025-04-01 13:02:37.733: [INFO][SyncManagerImpl::NudgeForInitialDownload] Initial download nudge for History Delete Directives
2025-04-01 13:02:37.733: [INFO][SyncManagerImpl::NudgeForInitialDownload] Initial download nudge for Device Info
2025-04-01 13:02:37.733: [INFO][SyncManagerImpl::NudgeForInitialDownload] Initial download nudge for Send Tab To Self
2025-04-01 13:02:37.733: [INFO][SyncManagerImpl::NudgeForInitialDownload] Initial download nudge for Web Apps
2025-04-01 13:02:37.733: [INFO][SyncManagerImpl::NudgeForInitialDownload] Initial download nudge for History
2025-04-01 13:02:37.734: [INFO][SyncManagerImpl::NudgeForInitialDownload] Initial download nudge for Collection
2025-04-01 13:02:37.734: [INFO][SyncManagerImpl::NudgeForInitialDownload] Initial download nudge for Edge E Drop
2025-04-01 13:02:37.734: [INFO][SyncManagerImpl::NudgeForInitialDownload] Initial download nudge for Edge Hub App Usage
2025-04-01 13:02:37.734: [INFO][SyncManagerImpl::NudgeForInitialDownload] Initial download nudge for Edge Tab Group
2025-04-01 13:02:37.734: [INFO][SyncManagerImpl::NudgeForInitialDownload] Initial download nudge for Edge Wallet
2025-04-01 13:02:37.734: [INFO][SyncManagerImpl::ConfigureSyncer] Types to download:  with reason: 3
2025-04-01 13:02:37.734: [INFO][SyncEngineBackend::DoFinishConfigureDataTypes] Failed to download types:  and succeeded types: 
2025-04-01 13:02:37.734: [INFO][Sync] ConfigurationDone, failed: , succeeded: , remaining count: 4
2025-04-01 13:02:37.734: [WARN][Sync]     Reconfigure requested while configuration ongoing.
2025-04-01 13:02:37.734: [INFO][Sync] Configuring for: Bookmarks, Preferences, Passwords, Autofill Profiles, Autofill, Extensions, Sessions, Extension settings, History Delete Directives, Device Info, User Consents, Send Tab To Self, Web Apps, History, Collection, Edge E Drop, Edge Hub App Usage, Edge Tab Group, Edge Wallet, Encryption Keys, reason: 5, current state: 2
2025-04-01 13:02:37.734: [INFO][Sync] Configure, desired: Bookmarks, Preferences, Passwords, Autofill Profiles, Autofill, Extensions, Sessions, Extension settings, History Delete Directives, Device Info, User Consents, Send Tab To Self, Web Apps, History, Collection, Edge E Drop, Edge Hub App Usage, Edge Tab Group, Edge Wallet, Encryption Keys; Allow fail: 
2025-04-01 13:02:37.734: [INFO][Sync] Loading: Passwords
2025-04-01 13:02:37.734: [INFO][Sync] Loading: Autofill Profiles
2025-04-01 13:02:37.734: [INFO][Sync] Loading: Autofill
2025-04-01 13:02:37.734: [INFO][Sync] All data types are ready for configure.
2025-04-01 13:02:37.735: [INFO][SyncManagerImpl::NudgeForInitialDownload] Initial download nudge for Passwords
2025-04-01 13:02:37.735: [INFO][SyncManagerImpl::NudgeForInitialDownload] Initial download nudge for Autofill Profiles
2025-04-01 13:02:37.735: [INFO][SyncManagerImpl::NudgeForInitialDownload] Initial download nudge for Autofill
2025-04-01 13:02:37.735: [INFO][SyncManagerImpl::ConfigureSyncer] Types to download:  with reason: 5
2025-04-01 13:02:37.735: [INFO][SyncEngineBackend::DoFinishConfigureDataTypes] Failed to download types:  and succeeded types: 
2025-04-01 13:02:37.735: [INFO][Sync] ConfigurationDone, failed: , succeeded: , remaining count: 4
2025-04-01 13:02:37.735: [INFO][Sync] Prepare to configure types: Preferences, Passwords, Device Info, Send Tab To Self, Edge E Drop, Encryption Keys
2025-04-01 13:02:37.735: [INFO][SyncManagerImpl::ConfigureSyncer] Types to download: Preferences, Passwords, Device Info, Send Tab To Self, Edge E Drop, Encryption Keys with reason: 5
2025-04-01 13:02:37.735: [INFO][SyncSchedulerImpl::DoConfigurationSyncCycleJob] Blocked types:  and types to download: Preferences, Passwords, Device Info, Send Tab To Self, Edge E Drop, Encryption Keys
2025-04-01 13:02:37.996: [INFO][SyncEngineBackend::DoFinishConfigureDataTypes] Failed to download types:  and succeeded types: Preferences, Passwords, Device Info, Send Tab To Self, Edge E Drop, Encryption Keys
2025-04-01 13:02:38.016: [INFO][Sync] ConfigurationDone, failed: , succeeded: Preferences, Passwords, Device Info, Send Tab To Self, Edge E Drop, Encryption Keys, remaining count: 3
2025-04-01 13:02:38.016: [INFO][Sync] Prepare to configure types: Bookmarks, Encryption Keys
2025-04-01 13:02:38.023: [INFO][SyncManagerImpl::ConfigureSyncer] Types to download: Bookmarks, Encryption Keys with reason: 5
2025-04-01 13:02:38.023: [INFO][SyncSchedulerImpl::DoConfigurationSyncCycleJob] Blocked types:  and types to download: Bookmarks, Encryption Keys
2025-04-01 13:02:38.174: [INFO][SyncEngineBackend::DoFinishConfigureDataTypes] Failed to download types:  and succeeded types: Bookmarks, Encryption Keys
2025-04-01 13:02:38.174: [INFO][Sync] ConfigurationDone, failed: , succeeded: Bookmarks, Encryption Keys, remaining count: 2
2025-04-01 13:02:38.174: [INFO][Sync] Prepare to configure types: Autofill Profiles, Autofill, Extensions, Sessions, Extension settings, History Delete Directives, Web Apps, Collection, Edge Hub App Usage, Edge Tab Group, Edge Wallet, Encryption Keys
2025-04-01 13:02:38.174: [INFO][SyncManagerImpl::ConfigureSyncer] Types to download: Autofill Profiles, Autofill, Extensions, Sessions, Extension settings, History Delete Directives, Web Apps, Collection, Edge Hub App Usage, Edge Tab Group, Edge Wallet, Encryption Keys with reason: 5
2025-04-01 13:02:38.174: [INFO][SyncSchedulerImpl::DoConfigurationSyncCycleJob] Blocked types:  and types to download: Autofill Profiles, Autofill, Extensions, Sessions, Extension settings, History Delete Directives, Web Apps, Collection, Edge Hub App Usage, Edge Tab Group, Edge Wallet, Encryption Keys
2025-04-01 13:02:38.419: [INFO][SyncEngineBackend::DoFinishConfigureDataTypes] Failed to download types:  and succeeded types: Autofill Profiles, Autofill, Extensions, Sessions, Extension settings, History Delete Directives, Web Apps, Collection, Edge Hub App Usage, Edge Tab Group, Edge Wallet, Encryption Keys
2025-04-01 13:02:38.421: [INFO][Sync] ConfigurationDone, failed: , succeeded: Autofill Profiles, Autofill, Extensions, Sessions, Extension settings, History Delete Directives, Web Apps, Collection, Edge Hub App Usage, Edge Tab Group, Edge Wallet, Encryption Keys, remaining count: 1
2025-04-01 13:02:38.423: [INFO][Sync] Prepare to configure types: History, Encryption Keys
2025-04-01 13:02:38.430: [INFO][SyncManagerImpl::ConfigureSyncer] Types to download: History, Encryption Keys with reason: 5
2025-04-01 13:02:38.430: [INFO][SyncSchedulerImpl::DoConfigurationSyncCycleJob] Blocked types:  and types to download: History, Encryption Keys
2025-04-01 13:02:38.703: [INFO][SyncEngineBackend::DoFinishConfigureDataTypes] Failed to download types:  and succeeded types: History, Encryption Keys
2025-04-01 13:02:38.707: [INFO][Sync] ConfigurationDone, failed: , succeeded: History, Encryption Keys, remaining count: 0
2025-04-01 13:02:38.710: [INFO][Sync]     Configuration completed, state: 7
2025-04-01 13:02:38.710: [INFO][Sync] Configured DataTypeManager: Ok
2025-04-01 13:02:38.715: [INFO][SyncEngineBackend::DoStartSyncing] Start syncing
2025-04-01 13:03:25.464: [INFO][Sync] Reset engine, reason: 0
2025-04-01 13:03:25.464: [INFO][Sync] Reset engine with reason: 0
